<?xml version="1.0" encoding="UTF-8"?>
<testng-results skipped="0" failed="0" ignored="0" total="1" passed="1">
  <reporter-output>
  </reporter-output>
  <suite name="Suite" duration-ms="18604" started-at="2020-07-08T20:26:52Z" finished-at="2020-07-08T20:27:10Z">
    <groups>
    </groups>
    <test name="ChromeTest" duration-ms="18604" started-at="2020-07-08T20:26:52Z" finished-at="2020-07-08T20:27:10Z">
      <class name="com.framework.qa.test.LoginPageTest">
        <test-method status="PASS" signature="setupTest(java.lang.String)[pri:0, instance:com.framework.qa.test.LoginPageTest@5ad851c9]" name="setupTest" is-config="true" duration-ms="11961" started-at="2020-07-08T20:26:52Z" finished-at="2020-07-08T20:27:04Z">
          <params>
            <param index="0">
              <value>
                <![CDATA[chrome]]>
              </value>
            </param>
          </params>
          <reporter-output>
          </reporter-output>
        </test-method> <!-- setupTest -->
        <test-method status="PASS" signature="doLoginTest()[pri:3, instance:com.framework.qa.test.LoginPageTest@5ad851c9]" name="doLoginTest" duration-ms="5999" started-at="2020-07-08T20:27:04Z" finished-at="2020-07-08T20:27:10Z">
          <reporter-output>
          </reporter-output>
        </test-method> <!-- doLoginTest -->
        <test-method status="PASS" signature="teardown()[pri:0, instance:com.framework.qa.test.LoginPageTest@5ad851c9]" name="teardown" is-config="true" duration-ms="627" started-at="2020-07-08T20:27:10Z" finished-at="2020-07-08T20:27:10Z">
          <reporter-output>
          </reporter-output>
        </test-method> <!-- teardown -->
      </class> <!-- com.framework.qa.test.LoginPageTest -->
    </test> <!-- ChromeTest -->
  </suite> <!-- Suite -->
</testng-results>
